
 Running TPCx-IoT Benchmark Suite - Run 1 - Epoch 1605271584239 
 TPCx-IoT Version  


Starting IoT Run 1 output being return to /home/ubuntu/TPCx-IoT-IoTDB/logs/IoT-run-time-warmup1.txt 

Run Result SUCCESS===All records can be queried and inserted 
Enter client file

 Running TPCx-IoT Benchmark Suite - Run 1 - Epoch 1605271584239 
 TPCx-IoT Version  


Starting IoT Run 1 output being return to /home/ubuntu/TPCx-IoT-IoTDB/logs/IoT-run-time-warmup1.txt 

>>>>>>>> /home/ubuntu/TPCx-IoT-IoTDB/TPC-IoT-instances.sh 300000000 16 10 0 tpc1 iotdb warmup
>>>>>>>>> entering instances
intance Operation: 18750000
instance Tread: 10
1
insertstart=0
insertcount=18750000
recordcount=300000000
operationcount=18750000
workload=com.yahoo.ycsb.workloads.CoreWorkload
readallfields=true
readproportion=0.0
updateproportion=0.0
# scanproportion=0
insertproportion=1
threadcount=10
requestdistribution=uniform
./tpcx-iot/bin/tpcx-iot run iotdb -P /home/ubuntu/TPCx-IoT-IoTDB/tpc_iot_instance1_workload -p iotdbinfo=server1:6667:5000 -p client=tpc11 -p runtype=warmup -s > /home/ubuntu/TPCx-IoT-IoTDB/logs/dbwarmup1.dat &
2
insertstart=18750000
insertcount=18750000
recordcount=300000000
operationcount=18750000
workload=com.yahoo.ycsb.workloads.CoreWorkload
readallfields=true
readproportion=0.0
updateproportion=0.0
# scanproportion=0
insertproportion=1
threadcount=10
requestdistribution=uniform
./tpcx-iot/bin/tpcx-iot run iotdb -P /home/ubuntu/TPCx-IoT-IoTDB/tpc_iot_instance2_workload -p iotdbinfo=server1:6667:5000 -p client=tpc12 -p runtype=warmup -s > /home/ubuntu/TPCx-IoT-IoTDB/logs/dbwarmup2.dat &
3
insertstart=37500000
insertcount=18750000
recordcount=300000000
operationcount=18750000
workload=com.yahoo.ycsb.workloads.CoreWorkload
readallfields=true
readproportion=0.0
updateproportion=0.0
# scanproportion=0
insertproportion=1
threadcount=10
requestdistribution=uniform
./tpcx-iot/bin/tpcx-iot run iotdb -P /home/ubuntu/TPCx-IoT-IoTDB/tpc_iot_instance3_workload -p iotdbinfo=server1:6667:5000 -p client=tpc13 -p runtype=warmup -s > /home/ubuntu/TPCx-IoT-IoTDB/logs/dbwarmup3.dat &
4
insertstart=56250000
insertcount=18750000
recordcount=300000000
operationcount=18750000
workload=com.yahoo.ycsb.workloads.CoreWorkload
readallfields=true
readproportion=0.0
updateproportion=0.0
# scanproportion=0
insertproportion=1
threadcount=10
requestdistribution=uniform
./tpcx-iot/bin/tpcx-iot run iotdb -P /home/ubuntu/TPCx-IoT-IoTDB/tpc_iot_instance4_workload -p iotdbinfo=server1:6667:5000 -p client=tpc14 -p runtype=warmup -s > /home/ubuntu/TPCx-IoT-IoTDB/logs/dbwarmup4.dat &
5
insertstart=75000000
insertcount=18750000
recordcount=300000000
operationcount=18750000
workload=com.yahoo.ycsb.workloads.CoreWorkload
readallfields=true
readproportion=0.0
updateproportion=0.0
# scanproportion=0
insertproportion=1
threadcount=10
requestdistribution=uniform
./tpcx-iot/bin/tpcx-iot run iotdb -P /home/ubuntu/TPCx-IoT-IoTDB/tpc_iot_instance5_workload -p iotdbinfo=server1:6667:5000 -p client=tpc15 -p runtype=warmup -s > /home/ubuntu/TPCx-IoT-IoTDB/logs/dbwarmup5.dat &
6
insertstart=93750000
insertcount=18750000
recordcount=300000000
operationcount=18750000
workload=com.yahoo.ycsb.workloads.CoreWorkload
readallfields=true
readproportion=0.0
updateproportion=0.0
# scanproportion=0
insertproportion=1
threadcount=10
requestdistribution=uniform
./tpcx-iot/bin/tpcx-iot run iotdb -P /home/ubuntu/TPCx-IoT-IoTDB/tpc_iot_instance6_workload -p iotdbinfo=server1:6667:5000 -p client=tpc16 -p runtype=warmup -s > /home/ubuntu/TPCx-IoT-IoTDB/logs/dbwarmup6.dat &
7
insertstart=112500000
insertcount=18750000
recordcount=300000000
operationcount=18750000
workload=com.yahoo.ycsb.workloads.CoreWorkload
readallfields=true
readproportion=0.0
updateproportion=0.0
# scanproportion=0
insertproportion=1
threadcount=10
requestdistribution=uniform
./tpcx-iot/bin/tpcx-iot run iotdb -P /home/ubuntu/TPCx-IoT-IoTDB/tpc_iot_instance7_workload -p iotdbinfo=server1:6667:5000 -p client=tpc17 -p runtype=warmup -s > /home/ubuntu/TPCx-IoT-IoTDB/logs/dbwarmup7.dat &
8
insertstart=131250000
insertcount=18750000
recordcount=300000000
operationcount=18750000
workload=com.yahoo.ycsb.workloads.CoreWorkload
readallfields=true
readproportion=0.0
updateproportion=0.0
# scanproportion=0
insertproportion=1
threadcount=10
requestdistribution=uniform
./tpcx-iot/bin/tpcx-iot run iotdb -P /home/ubuntu/TPCx-IoT-IoTDB/tpc_iot_instance8_workload -p iotdbinfo=server1:6667:5000 -p client=tpc18 -p runtype=warmup -s > /home/ubuntu/TPCx-IoT-IoTDB/logs/dbwarmup8.dat &
9
insertstart=150000000
insertcount=18750000
recordcount=300000000
operationcount=18750000
workload=com.yahoo.ycsb.workloads.CoreWorkload
readallfields=true
readproportion=0.0
updateproportion=0.0
# scanproportion=0
insertproportion=1
threadcount=10
requestdistribution=uniform
./tpcx-iot/bin/tpcx-iot run iotdb -P /home/ubuntu/TPCx-IoT-IoTDB/tpc_iot_instance9_workload -p iotdbinfo=server1:6667:5000 -p client=tpc19 -p runtype=warmup -s > /home/ubuntu/TPCx-IoT-IoTDB/logs/dbwarmup9.dat &
10
insertstart=168750000
insertcount=18750000
recordcount=300000000
operationcount=18750000
workload=com.yahoo.ycsb.workloads.CoreWorkload
readallfields=true
readproportion=0.0
updateproportion=0.0
# scanproportion=0
insertproportion=1
threadcount=10
requestdistribution=uniform
./tpcx-iot/bin/tpcx-iot run iotdb -P /home/ubuntu/TPCx-IoT-IoTDB/tpc_iot_instance10_workload -p iotdbinfo=server1:6667:5000 -p client=tpc110 -p runtype=warmup -s > /home/ubuntu/TPCx-IoT-IoTDB/logs/dbwarmup10.dat &
11
insertstart=187500000
insertcount=18750000
recordcount=300000000
operationcount=18750000
workload=com.yahoo.ycsb.workloads.CoreWorkload
readallfields=true
readproportion=0.0
updateproportion=0.0
# scanproportion=0
insertproportion=1
threadcount=10
requestdistribution=uniform
./tpcx-iot/bin/tpcx-iot run iotdb -P /home/ubuntu/TPCx-IoT-IoTDB/tpc_iot_instance11_workload -p iotdbinfo=server1:6667:5000 -p client=tpc111 -p runtype=warmup -s > /home/ubuntu/TPCx-IoT-IoTDB/logs/dbwarmup11.dat &
12
insertstart=206250000
insertcount=18750000
recordcount=300000000
operationcount=18750000
workload=com.yahoo.ycsb.workloads.CoreWorkload
readallfields=true
readproportion=0.0
updateproportion=0.0
# scanproportion=0
insertproportion=1
threadcount=10
requestdistribution=uniform
./tpcx-iot/bin/tpcx-iot run iotdb -P /home/ubuntu/TPCx-IoT-IoTDB/tpc_iot_instance12_workload -p iotdbinfo=server1:6667:5000 -p client=tpc112 -p runtype=warmup -s > /home/ubuntu/TPCx-IoT-IoTDB/logs/dbwarmup12.dat &
13
insertstart=225000000
insertcount=18750000
recordcount=300000000
operationcount=18750000
workload=com.yahoo.ycsb.workloads.CoreWorkload
readallfields=true
readproportion=0.0
updateproportion=0.0
# scanproportion=0
insertproportion=1
threadcount=10
requestdistribution=uniform
./tpcx-iot/bin/tpcx-iot run iotdb -P /home/ubuntu/TPCx-IoT-IoTDB/tpc_iot_instance13_workload -p iotdbinfo=server1:6667:5000 -p client=tpc113 -p runtype=warmup -s > /home/ubuntu/TPCx-IoT-IoTDB/logs/dbwarmup13.dat &
14
insertstart=243750000
insertcount=18750000
recordcount=300000000
operationcount=18750000
workload=com.yahoo.ycsb.workloads.CoreWorkload
readallfields=true
readproportion=0.0
updateproportion=0.0
# scanproportion=0
insertproportion=1
threadcount=10
requestdistribution=uniform
./tpcx-iot/bin/tpcx-iot run iotdb -P /home/ubuntu/TPCx-IoT-IoTDB/tpc_iot_instance14_workload -p iotdbinfo=server1:6667:5000 -p client=tpc114 -p runtype=warmup -s > /home/ubuntu/TPCx-IoT-IoTDB/logs/dbwarmup14.dat &
15
insertstart=262500000
insertcount=18750000
recordcount=300000000
operationcount=18750000
workload=com.yahoo.ycsb.workloads.CoreWorkload
readallfields=true
readproportion=0.0
updateproportion=0.0
# scanproportion=0
insertproportion=1
threadcount=10
requestdistribution=uniform
./tpcx-iot/bin/tpcx-iot run iotdb -P /home/ubuntu/TPCx-IoT-IoTDB/tpc_iot_instance15_workload -p iotdbinfo=server1:6667:5000 -p client=tpc115 -p runtype=warmup -s > /home/ubuntu/TPCx-IoT-IoTDB/logs/dbwarmup15.dat &
16
insertstart=281250000
insertcount=18750000
recordcount=300000000
operationcount=18750000
workload=com.yahoo.ycsb.workloads.CoreWorkload
readallfields=true
readproportion=0.0
updateproportion=0.0
# scanproportion=0
insertproportion=1
threadcount=10
requestdistribution=uniform
./tpcx-iot/bin/tpcx-iot run iotdb -P /home/ubuntu/TPCx-IoT-IoTDB/tpc_iot_instance16_workload -p iotdbinfo=server1:6667:5000 -p client=tpc116 -p runtype=warmup -s > /home/ubuntu/TPCx-IoT-IoTDB/logs/dbwarmup16.dat &
instaces pids =  4504 4507 4510 4513 4516 4519 4522 4525 4528 4531 4534 4537 4540 4543 4546 4551
All done
Run Result SUCCESS===All records can be queried and inserted 


======== Workload IoT Run Result SUCCESS ========
======== Time taken by Workload IoT = ====


Test Run 1 on tpc1 details: Total Time = 595.508 
